app/build/intermediates/manifest_merge_blame_file/debug/manifest-merger-blame-debug-report.txt
1<?xml version="1.0" encoding="utf-8"?>
2<manifest xmlns:android="http://schemas.android.com/apk/res/android"
3    package="np.com.arunb.animepeak"
4    android:versionCode="1"
5    android:versionName="Beta" >
6
7    <uses-sdk
8        android:minSdkVersion="24"
9        android:targetSdkVersion="34" />
10
11    <uses-permission android:name="android.permission.INTERNET" />
11-->src\main\AndroidManifest.xml:5:5-67
11-->src\main\AndroidManifest.xml:5:22-64
12    <uses-permission android:name="android.permission.ACCESS_WIFI_STATE" />
12-->src\main\AndroidManifest.xml:6:5-76
12-->src\main\AndroidManifest.xml:6:22-73
13    <uses-permission android:name="android.permission.CHANGE_WIFI_STATE" />
13-->src\main\AndroidManifest.xml:7:5-76
13-->src\main\AndroidManifest.xml:7:22-73
14    <uses-permission android:name="android.permission.CHANGE_NETWORK_STATE" />
14-->src\main\AndroidManifest.xml:8:5-79
14-->src\main\AndroidManifest.xml:8:22-76
15    <uses-permission android:name="android.permission.ACCESS_NETWORK_STATE" />
15-->src\main\AndroidManifest.xml:9:5-79
15-->src\main\AndroidManifest.xml:9:22-76
16    <uses-permission android:name="android.permission.WRITE_EXTERNAL_STORAGE" />
16-->src\main\AndroidManifest.xml:10:5-81
16-->src\main\AndroidManifest.xml:10:22-78
17    <uses-permission android:name="android.permission.READ_EXTERNAL_STORAGE" />
17-->src\main\AndroidManifest.xml:11:5-80
17-->src\main\AndroidManifest.xml:11:22-77
18    <uses-permission android:name="android.permission.MANAGE_EXTERNAL_STORAGE" />
18-->src\main\AndroidManifest.xml:12:5-14:40
18-->src\main\AndroidManifest.xml:13:9-66
19    <uses-permission android:name="android.permission.INSTALL_PACKAGES" />
19-->src\main\AndroidManifest.xml:15:5-17:47
19-->src\main\AndroidManifest.xml:16:9-59
20    <uses-permission android:name="android.permission.REQUEST_INSTALL_PACKAGES" />
20-->src\main\AndroidManifest.xml:18:5-83
20-->src\main\AndroidManifest.xml:18:22-80
21
22    <permission
22-->[androidx.core:core:1.9.0] AndroidManifest.xml:22:5-24:47
23        android:name="np.com.arunb.animepeak.DYNAMIC_RECEIVER_NOT_EXPORTED_PERMISSION"
23-->[androidx.core:core:1.9.0] AndroidManifest.xml:23:9-81
24        android:protectionLevel="signature" />
24-->[androidx.core:core:1.9.0] AndroidManifest.xml:24:9-44
25
26    <uses-permission android:name="np.com.arunb.animepeak.DYNAMIC_RECEIVER_NOT_EXPORTED_PERMISSION" />
26-->[androidx.core:core:1.9.0] AndroidManifest.xml:26:5-97
26-->[androidx.core:core:1.9.0] AndroidManifest.xml:26:22-94
27
28    <application
28-->src\main\AndroidManifest.xml:20:5-65:19
29        android:allowBackup="true"
29-->src\main\AndroidManifest.xml:21:9-35
30        android:appComponentFactory="androidx.core.app.CoreComponentFactory"
30-->[androidx.core:core:1.9.0] AndroidManifest.xml:28:18-86
31        android:dataExtractionRules="@xml/data_extraction_rules"
31-->src\main\AndroidManifest.xml:22:9-65
32        android:debuggable="true"
33        android:extractNativeLibs="false"
34        android:fullBackupContent="@xml/backup_rules"
34-->src\main\AndroidManifest.xml:23:9-54
35        android:icon="@mipmap/ic_launcher"
35-->src\main\AndroidManifest.xml:24:9-43
36        android:label="@string/app_name"
36-->src\main\AndroidManifest.xml:25:9-41
37        android:supportsRtl="true"
37-->src\main\AndroidManifest.xml:26:9-35
38        android:theme="@style/Theme.AnimePeak"
38-->src\main\AndroidManifest.xml:27:9-47
39        android:usesCleartextTraffic="true" >
39-->src\main\AndroidManifest.xml:28:9-44
40        <activity
40-->src\main\AndroidManifest.xml:31:9-33:40
41            android:name="np.com.arunb.animepeak.Activity.Profile"
41-->src\main\AndroidManifest.xml:32:13-67
42            android:exported="false" />
42-->src\main\AndroidManifest.xml:33:13-37
43
44        <provider
45            android:name="androidx.core.content.FileProvider"
45-->src\main\AndroidManifest.xml:36:13-62
46            android:authorities="np.com.arunb.animepeak.provider"
46-->src\main\AndroidManifest.xml:37:13-60
47            android:exported="false"
47-->src\main\AndroidManifest.xml:38:13-37
48            android:grantUriPermissions="true" >
48-->src\main\AndroidManifest.xml:39:13-47
49            <meta-data
49-->src\main\AndroidManifest.xml:40:13-42:54
50                android:name="android.support.FILE_PROVIDER_PATHS"
50-->src\main\AndroidManifest.xml:41:17-67
51                android:resource="@xml/file_paths" />
51-->src\main\AndroidManifest.xml:42:17-51
52        </provider>
53
54        <activity
54-->src\main\AndroidManifest.xml:45:9-49:53
55            android:name="np.com.arunb.animepeak.Activity.VideoPlayer"
55-->src\main\AndroidManifest.xml:46:13-71
56            android:configChanges="orientation|screenSize"
56-->src\main\AndroidManifest.xml:47:13-59
57            android:exported="false"
57-->src\main\AndroidManifest.xml:48:13-37
58            android:screenOrientation="landscape" />
58-->src\main\AndroidManifest.xml:49:13-50
59        <activity
59-->src\main\AndroidManifest.xml:50:9-53:39
60            android:name="np.com.arunb.animepeak.Activity.Anime_Details"
60-->src\main\AndroidManifest.xml:51:13-73
61            android:configChanges="keyboardHidden|orientation"
61-->src\main\AndroidManifest.xml:52:13-63
62            android:exported="true" />
62-->src\main\AndroidManifest.xml:53:13-36
63        <activity
63-->src\main\AndroidManifest.xml:54:9-64:20
64            android:name="np.com.arunb.animepeak.Activity.MainActivity"
64-->src\main\AndroidManifest.xml:55:13-72
65            android:configChanges="orientation|screenSize"
65-->src\main\AndroidManifest.xml:56:13-59
66            android:exported="true"
66-->src\main\AndroidManifest.xml:57:13-36
67            android:theme="@style/Theme.AnimePeak.MySplash" >
67-->src\main\AndroidManifest.xml:58:13-60
68            <intent-filter>
68-->src\main\AndroidManifest.xml:59:13-63:29
69                <action android:name="android.intent.action.MAIN" />
69-->src\main\AndroidManifest.xml:60:17-69
69-->src\main\AndroidManifest.xml:60:25-66
70
71                <category android:name="android.intent.category.LAUNCHER" />
71-->src\main\AndroidManifest.xml:62:17-77
71-->src\main\AndroidManifest.xml:62:27-74
72            </intent-filter>
73        </activity>
74        <activity
74-->[com.karumi:dexter:6.2.3] AndroidManifest.xml:27:9-29:72
75            android:name="com.karumi.dexter.DexterActivity"
75-->[com.karumi:dexter:6.2.3] AndroidManifest.xml:28:13-60
76            android:theme="@style/Dexter.Internal.Theme.Transparent" />
76-->[com.karumi:dexter:6.2.3] AndroidManifest.xml:29:13-69
77
78        <provider
78-->[androidx.emoji2:emoji2:1.2.0] AndroidManifest.xml:24:9-32:20
79            android:name="androidx.startup.InitializationProvider"
79-->[androidx.emoji2:emoji2:1.2.0] AndroidManifest.xml:25:13-67
80            android:authorities="np.com.arunb.animepeak.androidx-startup"
80-->[androidx.emoji2:emoji2:1.2.0] AndroidManifest.xml:26:13-68
81            android:exported="false" >
81-->[androidx.emoji2:emoji2:1.2.0] AndroidManifest.xml:27:13-37
82            <meta-data
82-->[androidx.emoji2:emoji2:1.2.0] AndroidManifest.xml:29:13-31:52
83                android:name="androidx.emoji2.text.EmojiCompatInitializer"
83-->[androidx.emoji2:emoji2:1.2.0] AndroidManifest.xml:30:17-75
84                android:value="androidx.startup" />
84-->[androidx.emoji2:emoji2:1.2.0] AndroidManifest.xml:31:17-49
85            <meta-data
85-->[androidx.lifecycle:lifecycle-process:2.6.1] AndroidManifest.xml:29:13-31:52
86                android:name="androidx.lifecycle.ProcessLifecycleInitializer"
86-->[androidx.lifecycle:lifecycle-process:2.6.1] AndroidManifest.xml:30:17-78
87                android:value="androidx.startup" />
87-->[androidx.lifecycle:lifecycle-process:2.6.1] AndroidManifest.xml:31:17-49
88            <meta-data
88-->[androidx.profileinstaller:profileinstaller:1.3.0] AndroidManifest.xml:29:13-31:52
89                android:name="androidx.profileinstaller.ProfileInstallerInitializer"
89-->[androidx.profileinstaller:profileinstaller:1.3.0] AndroidManifest.xml:30:17-85
90                android:value="androidx.startup" />
90-->[androidx.profileinstaller:profileinstaller:1.3.0] AndroidManifest.xml:31:17-49
91        </provider>
92
93        <uses-library
93-->[androidx.window:window:1.0.0] AndroidManifest.xml:25:9-27:40
94            android:name="androidx.window.extensions"
94-->[androidx.window:window:1.0.0] AndroidManifest.xml:26:13-54
95            android:required="false" />
95-->[androidx.window:window:1.0.0] AndroidManifest.xml:27:13-37
96        <uses-library
96-->[androidx.window:window:1.0.0] AndroidManifest.xml:28:9-30:40
97            android:name="androidx.window.sidecar"
97-->[androidx.window:window:1.0.0] AndroidManifest.xml:29:13-51
98            android:required="false" />
98-->[androidx.window:window:1.0.0] AndroidManifest.xml:30:13-37
99
100        <receiver
100-->[androidx.profileinstaller:profileinstaller:1.3.0] AndroidManifest.xml:34:9-52:20
101            android:name="androidx.profileinstaller.ProfileInstallReceiver"
101-->[androidx.profileinstaller:profileinstaller:1.3.0] AndroidManifest.xml:35:13-76
102            android:directBootAware="false"
102-->[androidx.profileinstaller:profileinstaller:1.3.0] AndroidManifest.xml:36:13-44
103            android:enabled="true"
103-->[androidx.profileinstaller:profileinstaller:1.3.0] AndroidManifest.xml:37:13-35
104            android:exported="true"
104-->[androidx.profileinstaller:profileinstaller:1.3.0] AndroidManifest.xml:38:13-36
105            android:permission="android.permission.DUMP" >
105-->[androidx.profileinstaller:profileinstaller:1.3.0] AndroidManifest.xml:39:13-57
106            <intent-filter>
106-->[androidx.profileinstaller:profileinstaller:1.3.0] AndroidManifest.xml:40:13-42:29
107                <action android:name="androidx.profileinstaller.action.INSTALL_PROFILE" />
107-->[androidx.profileinstaller:profileinstaller:1.3.0] AndroidManifest.xml:41:17-91
107-->[androidx.profileinstaller:profileinstaller:1.3.0] AndroidManifest.xml:41:25-88
108            </intent-filter>
109            <intent-filter>
109-->[androidx.profileinstaller:profileinstaller:1.3.0] AndroidManifest.xml:43:13-45:29
110                <action android:name="androidx.profileinstaller.action.SKIP_FILE" />
110-->[androidx.profileinstaller:profileinstaller:1.3.0] AndroidManifest.xml:44:17-85
110-->[androidx.profileinstaller:profileinstaller:1.3.0] AndroidManifest.xml:44:25-82
111            </intent-filter>
112            <intent-filter>
112-->[androidx.profileinstaller:profileinstaller:1.3.0] AndroidManifest.xml:46:13-48:29
113                <action android:name="androidx.profileinstaller.action.SAVE_PROFILE" />
113-->[androidx.profileinstaller:profileinstaller:1.3.0] AndroidManifest.xml:47:17-88
113-->[androidx.profileinstaller:profileinstaller:1.3.0] AndroidManifest.xml:47:25-85
114            </intent-filter>
115            <intent-filter>
115-->[androidx.profileinstaller:profileinstaller:1.3.0] AndroidManifest.xml:49:13-51:29
116                <action android:name="androidx.profileinstaller.action.BENCHMARK_OPERATION" />
116-->[androidx.profileinstaller:profileinstaller:1.3.0] AndroidManifest.xml:50:17-95
116-->[androidx.profileinstaller:profileinstaller:1.3.0] AndroidManifest.xml:50:25-92
117            </intent-filter>
118        </receiver>
119    </application>
120
121</manifest>